0 info it worked if it ends with ok
1 verbose cli [ '/Users/Ian/.nvm/versions/node/v4.0.0/bin/node',
1 verbose cli   '/usr/local/bin/npm',
1 verbose cli   'i' ]
2 info using npm@2.5.1
3 info using node@v4.0.0
4 error install Couldn't read dependencies
5 verbose stack Error: ENOENT: no such file or directory, open '/Users/Ian/Repositories/nba-scores/package.json'
5 verbose stack     at Error (native)
6 verbose cwd /Users/Ian/Repositories/nba-scores
7 error Darwin 15.3.0
8 error argv "/Users/Ian/.nvm/versions/node/v4.0.0/bin/node" "/usr/local/bin/npm" "i"
9 error node v4.0.0
10 error npm  v2.5.1
11 error path /Users/Ian/Repositories/nba-scores/package.json
12 error code ENOPACKAGEJSON
13 error errno -2
14 error syscall open
15 error package.json ENOENT: no such file or directory, open '/Users/Ian/Repositories/nba-scores/package.json'
15 error package.json This is most likely not a problem with npm itself.
15 error package.json npm can't find a package.json file in your current directory.
16 verbose exit [ -2, true ]
